<?xml version="1.0" encoding="UTF-8"?>
<testsuite name="com.bridgelabz.CensusAnalyserTest" tests="1" skipped="0" failures="0" errors="0" timestamp="2021-06-17T10:24:49" hostname="LAPTOP-OKMRMTOT" time="0.09">
  <properties/>
  <testcase name="givenIndiaStateCodeData_WhenWrongType_ShouldThrowException" classname="com.bridgelabz.CensusAnalyserTest" time="0.09"/>
  <system-out><![CDATA[]]></system-out>
  <system-err><![CDATA[]]></system-err>
</testsuite>
